<?xml version="1.0" encoding="UTF-8"?>
<!-- Generated by org.testng.reporters.JUnitXMLReporter -->
<testsuite hostname="LAPTOP-E8T2NSKQ" name="Test" tests="4" failures="0" timestamp="29 Sep 2023 07:52:32 GMT" time="27.834" errors="0">
  <testcase name="testTwo" time="7.696" classname="Tests.TwoTest"/>
  <testcase name="login" time="6.967" classname="Tests.LoginTest"/>
  <testcase name="testThree" time="4.393" classname="Tests.ThreeTest"/>
  <testcase name="testFour" time="4.7" classname="Tests.FourTest"/>
</testsuite> <!-- Test -->
