<?xml version="1.0" encoding="UTF-8"?>
<!-- Generated by org.testng.reporters.JUnitXMLReporter -->
<testsuite hostname="LAPTOP-E8T2NSKQ" name="TestFour" tests="1" failures="1" timestamp="29 Sep 2023 10:57:27 GMT" time="6.123" errors="0">
  <testcase name="testFour" time="5.679" classname="Tests.FourTest">
    <failure type="java.lang.AssertionError" message="expected [true] but found [false]">
      <![CDATA[java.lang.AssertionError: expected [true] but found [false]
	at Tests.FourTest.testFour(FourTest.java:26)
... Removed 29 stack frames]]>
    </failure>
  </testcase> <!-- testFour -->
</testsuite> <!-- TestFour -->
