<?xml version="1.0" encoding="UTF-8"?>
<!-- Generated by org.testng.reporters.JUnitXMLReporter -->
<testsuite hostname="LAPTOP-E8T2NSKQ" ignored="0" name="Test" tests="5" failures="0" timestamp="27 Sep 2023 16:06:51 GMT" time="29.364" errors="0">
  <testcase name="testTwo" time="0.055" classname="Tests.TwoTest"/>
  <testcase name="login" time="6.895" classname="Tests.LoginTest"/>
  <testcase name="login" time="16.713" classname="Tests.LoginTest"/>
  <testcase name="testThree" time="0.001" classname="Tests.ThreeTest"/>
  <testcase name="testFour" time="0.0" classname="Tests.FourTest"/>
</testsuite> <!-- Test -->
