<?xml version="1.0" encoding="UTF-8"?>
<testng-results skipped="0" failed="0" ignored="0" total="5" passed="5">
  <reporter-output>
  </reporter-output>
  <suite name="Suite" duration-ms="29364" started-at="2023-09-27T16:06:22Z" finished-at="2023-09-27T16:06:51Z">
    <groups>
    </groups>
    <test name="Test" duration-ms="29364" started-at="2023-09-27T16:06:22Z" finished-at="2023-09-27T16:06:51Z">
      <class name="Tests.TwoTest">
        <test-method status="PASS" signature="testTwo()[pri:0, instance:Tests.TwoTest@9629756]" name="testTwo" duration-ms="55" started-at="2023-09-27T16:06:22Z" finished-at="2023-09-27T16:06:22Z">
          <reporter-output>
          </reporter-output>
        </test-method> <!-- testTwo -->
      </class> <!-- Tests.TwoTest -->
      <class name="Tests.ThreeTest">
        <test-method status="PASS" signature="testThree()[pri:0, instance:Tests.ThreeTest@735b5592]" name="testThree" duration-ms="1" started-at="2023-09-27T16:06:51Z" finished-at="2023-09-27T16:06:51Z">
          <reporter-output>
          </reporter-output>
        </test-method> <!-- testThree -->
      </class> <!-- Tests.ThreeTest -->
      <class name="Tests.LoginTest">
        <test-method status="PASS" signature="openApplication()[pri:0, instance:Tests.LoginTest@62ee68d8]" name="openApplication" is-config="true" duration-ms="3251" started-at="2023-09-27T16:06:22Z" finished-at="2023-09-27T16:06:25Z">
          <reporter-output>
          </reporter-output>
        </test-method> <!-- openApplication -->
        <test-method status="PASS" signature="login(java.lang.String, java.lang.String, java.lang.String)[pri:0, instance:Tests.LoginTest@62ee68d8]" name="login" duration-ms="6895" started-at="2023-09-27T16:06:25Z" data-provider="getLoginData" finished-at="2023-09-27T16:06:32Z">
          <params>
            <param index="0">
              <value>
                <![CDATA[karthikeyanmadhappan@gmail.com]]>
              </value>
            </param>
            <param index="1">
              <value>
                <![CDATA[Karthi@123]]>
              </value>
            </param>
            <param index="2">
              <value>
                <![CDATA[Successfull]]>
              </value>
            </param>
          </params>
          <reporter-output>
          </reporter-output>
        </test-method> <!-- login -->
        <test-method status="PASS" signature="teardown()[pri:0, instance:Tests.LoginTest@62ee68d8]" name="teardown" is-config="true" duration-ms="144" started-at="2023-09-27T16:06:32Z" finished-at="2023-09-27T16:06:32Z">
          <reporter-output>
          </reporter-output>
        </test-method> <!-- teardown -->
        <test-method status="PASS" signature="openApplication()[pri:0, instance:Tests.LoginTest@62ee68d8]" name="openApplication" is-config="true" duration-ms="2145" started-at="2023-09-27T16:06:32Z" finished-at="2023-09-27T16:06:34Z">
          <reporter-output>
          </reporter-output>
        </test-method> <!-- openApplication -->
        <test-method status="PASS" signature="login(java.lang.String, java.lang.String, java.lang.String)[pri:0, instance:Tests.LoginTest@62ee68d8]" name="login" duration-ms="16713" started-at="2023-09-27T16:06:34Z" data-provider="getLoginData" finished-at="2023-09-27T16:06:51Z">
          <params>
            <param index="0">
              <value>
                <![CDATA[dummy@test.com]]>
              </value>
            </param>
            <param index="1">
              <value>
                <![CDATA[Test]]>
              </value>
            </param>
            <param index="2">
              <value>
                <![CDATA[Failure]]>
              </value>
            </param>
          </params>
          <reporter-output>
          </reporter-output>
        </test-method> <!-- login -->
        <test-method status="PASS" signature="teardown()[pri:0, instance:Tests.LoginTest@62ee68d8]" name="teardown" is-config="true" duration-ms="128" started-at="2023-09-27T16:06:51Z" finished-at="2023-09-27T16:06:51Z">
          <reporter-output>
          </reporter-output>
        </test-method> <!-- teardown -->
      </class> <!-- Tests.LoginTest -->
      <class name="Tests.FourTest">
        <test-method status="PASS" signature="testFour()[pri:0, instance:Tests.FourTest@58651fd0]" name="testFour" duration-ms="0" started-at="2023-09-27T16:06:51Z" finished-at="2023-09-27T16:06:51Z">
          <reporter-output>
          </reporter-output>
        </test-method> <!-- testFour -->
      </class> <!-- Tests.FourTest -->
    </test> <!-- Test -->
  </suite> <!-- Suite -->
</testng-results>
