<?xml version="1.0" encoding="UTF-8"?>
<testng-results skipped="0" failed="0" total="1" passed="1">
  <reporter-output>
  </reporter-output>
  <suite name="Suite" duration-ms="8081" started-at="2023-09-29T11:43:20Z" finished-at="2023-09-29T11:43:28Z">
    <groups>
      <group name="cucumber">
        <method signature="AbstractTestNGCucumberTests.runScenario(io.cucumber.testng.PickleWrapper, io.cucumber.testng.FeatureWrapper)[pri:0, instance:runner.Runner@4bec1f0c]" name="runScenario" class="io.cucumber.testng.AbstractTestNGCucumberTests"/>
      </group> <!-- cucumber -->
    </groups>
    <test name="TestRunner" duration-ms="8081" started-at="2023-09-29T11:43:20Z" finished-at="2023-09-29T11:43:28Z">
      <class name="runner.Runner">
        <test-method status="PASS" signature="setUpClass()[pri:0, instance:runner.Runner@4bec1f0c]" name="setUpClass" is-config="true" duration-ms="408" started-at="2023-09-29T17:13:20Z" finished-at="2023-09-29T17:13:21Z">
          <reporter-output>
          </reporter-output>
        </test-method> <!-- setUpClass -->
        <test-method status="PASS" signature="runScenario(io.cucumber.testng.PickleWrapper, io.cucumber.testng.FeatureWrapper)[pri:0, instance:runner.Runner@4bec1f0c]" name="runScenario" duration-ms="7632" started-at="2023-09-29T17:13:21Z" description="Runs Cucumber Scenarios" data-provider="scenarios" finished-at="2023-09-29T17:13:28Z">
          <params>
            <param index="0">
              <value>
                <![CDATA["Login with valid credentials"]]>
              </value>
            </param>
            <param index="1">
              <value>
                <![CDATA["Optional[Application Login]"]]>
              </value>
            </param>
          </params>
          <reporter-output>
          </reporter-output>
        </test-method> <!-- runScenario -->
        <test-method status="PASS" signature="tearDownClass()[pri:0, instance:runner.Runner@4bec1f0c]" name="tearDownClass" is-config="true" duration-ms="14" started-at="2023-09-29T17:13:28Z" finished-at="2023-09-29T17:13:28Z">
          <reporter-output>
          </reporter-output>
        </test-method> <!-- tearDownClass -->
      </class> <!-- runner.Runner -->
    </test> <!-- TestRunner -->
  </suite> <!-- Suite -->
</testng-results>
